2020-05-23T00:32:13+00:00 CRITICAL Uncaught Error: Call to a member function get_image_id() on string in E:\XAMPP\htdocs\wordpress\wp-content\plugins\woocommerce\templates\single-product\product-image.php:28
Stack trace:
#0 E:\XAMPP\htdocs\wordpress\wp-content\plugins\woocommerce\includes\wc-core-functions.php(251): include()
#1 E:\XAMPP\htdocs\wordpress\wp-content\plugins\woocommerce\includes\wc-template-functions.php(1438): wc_get_template('single-product/...')
#2 E:\XAMPP\htdocs\wordpress\wp-content\plugins\woocommerce\templates\single-product.php(86): woocommerce_show_product_images()
#3 E:\XAMPP\htdocs\wordpress\wp-includes\template-loader.php(106): include('E:\\XAMPP\\htdocs...')
#4 E:\XAMPP\htdocs\wordpress\wp-blog-header.php(19): require_once('E:\\XAMPP\\htdocs...')
#5 E:\XAMPP\htdocs\wordpress\index.php(17): require('E:\\XAMPP\\htdocs...')
#6 {main}
  thrown in E:\XAMPP\htdocs\wordpress\wp-content\plugins\woocommerce\templates\single-product\product-image.php on line 28

2020-05-23T00:33:21+00:00 CRITICAL syntax error, unexpected '>' in E:\XAMPP\htdocs\wordpress\wp-content\plugins\woocommerce\templates\single-product.php on line 147

2020-05-23T00:40:57+00:00 CRITICAL Uncaught Error: Call to a member function get_image_id() on string in E:\XAMPP\htdocs\wordpress\wp-content\plugins\woocommerce\templates\single-product\product-image.php:28
Stack trace:
#0 E:\XAMPP\htdocs\wordpress\wp-content\plugins\woocommerce\includes\wc-core-functions.php(251): include()
#1 E:\XAMPP\htdocs\wordpress\wp-content\plugins\woocommerce\includes\wc-template-functions.php(1438): wc_get_template('single-product/...')
#2 E:\XAMPP\htdocs\wordpress\wp-content\plugins\woocommerce\templates\single-product.php(104): woocommerce_show_product_images()
#3 E:\XAMPP\htdocs\wordpress\wp-includes\template-loader.php(106): include('E:\\XAMPP\\htdocs...')
#4 E:\XAMPP\htdocs\wordpress\wp-blog-header.php(19): require_once('E:\\XAMPP\\htdocs...')
#5 E:\XAMPP\htdocs\wordpress\index.php(17): require('E:\\XAMPP\\htdocs...')
#6 {main}
  thrown in E:\XAMPP\htdocs\wordpress\wp-content\plugins\woocommerce\templates\single-product\product-image.php on line 28

2020-05-23T00:51:15+00:00 CRITICAL Uncaught Error: Call to undefined function get_price_html() in E:\XAMPP\htdocs\wordpress\wp-content\plugins\woocommerce\templates\single-product.php:146
Stack trace:
#0 E:\XAMPP\htdocs\wordpress\wp-includes\template-loader.php(106): include()
#1 E:\XAMPP\htdocs\wordpress\wp-blog-header.php(19): require_once('E:\\XAMPP\\htdocs...')
#2 E:\XAMPP\htdocs\wordpress\index.php(17): require('E:\\XAMPP\\htdocs...')
#3 {main}
  thrown in E:\XAMPP\htdocs\wordpress\wp-content\plugins\woocommerce\templates\single-product.php on line 146

2020-05-23T01:14:25+00:00 CRITICAL syntax error, unexpected ';', expecting ')' in E:\XAMPP\htdocs\wordpress\wp-content\plugins\woocommerce\templates\single-product.php on line 123

2020-05-23T01:28:31+00:00 CRITICAL Uncaught Error: Using $this when not in object context in E:\XAMPP\htdocs\wordpress\wp-content\plugins\woocommerce\includes\class-wc-structured-data.php:328
Stack trace:
#0 E:\XAMPP\htdocs\wordpress\wp-content\plugins\woocommerce\templates\single-product.php(120): WC_Structured_Data::generate_product_data()
#1 E:\XAMPP\htdocs\wordpress\wp-includes\template-loader.php(106): include('E:\\XAMPP\\htdocs...')
#2 E:\XAMPP\htdocs\wordpress\wp-blog-header.php(19): require_once('E:\\XAMPP\\htdocs...')
#3 E:\XAMPP\htdocs\wordpress\index.php(17): require('E:\\XAMPP\\htdocs...')
#4 {main}
  thrown in E:\XAMPP\htdocs\wordpress\wp-content\plugins\woocommerce\includes\class-wc-structured-data.php on line 328

2020-05-23T01:29:41+00:00 CRITICAL Uncaught Error: Using $this when not in object context in E:\XAMPP\htdocs\wordpress\wp-content\plugins\woocommerce\includes\class-wc-structured-data.php:328
Stack trace:
#0 E:\XAMPP\htdocs\wordpress\wp-content\plugins\woocommerce\templates\single-product.php(122): WC_Structured_Data::generate_product_data(Object(WC_Product_Variable))
#1 E:\XAMPP\htdocs\wordpress\wp-includes\template-loader.php(106): include('E:\\XAMPP\\htdocs...')
#2 E:\XAMPP\htdocs\wordpress\wp-blog-header.php(19): require_once('E:\\XAMPP\\htdocs...')
#3 E:\XAMPP\htdocs\wordpress\index.php(17): require('E:\\XAMPP\\htdocs...')
#4 {main}
  thrown in E:\XAMPP\htdocs\wordpress\wp-content\plugins\woocommerce\includes\class-wc-structured-data.php on line 328

