2020-05-22T03:48:42+00:00 CRITICAL Uncaught Error: Object of class WP_Term could not be converted to string in E:\XAMPP\htdocs\wordpress\wp-content\themes\twentytwenty\singular.php:58
Stack trace:
#0 E:\XAMPP\htdocs\wordpress\wp-includes\template-loader.php(106): include()
#1 E:\XAMPP\htdocs\wordpress\wp-blog-header.php(19): require_once('E:\\XAMPP\\htdocs...')
#2 E:\XAMPP\htdocs\wordpress\index.php(17): require('E:\\XAMPP\\htdocs...')
#3 {main}
  thrown in E:\XAMPP\htdocs\wordpress\wp-content\themes\twentytwenty\singular.php on line 58

2020-05-22T03:48:50+00:00 CRITICAL Uncaught Error: Cannot use object of type WP_Term as array in E:\XAMPP\htdocs\wordpress\wp-content\themes\twentytwenty\singular.php:58
Stack trace:
#0 E:\XAMPP\htdocs\wordpress\wp-includes\template-loader.php(106): include()
#1 E:\XAMPP\htdocs\wordpress\wp-blog-header.php(19): require_once('E:\\XAMPP\\htdocs...')
#2 E:\XAMPP\htdocs\wordpress\index.php(17): require('E:\\XAMPP\\htdocs...')
#3 {main}
  thrown in E:\XAMPP\htdocs\wordpress\wp-content\themes\twentytwenty\singular.php on line 58

2020-05-22T03:50:09+00:00 CRITICAL Uncaught Error: Cannot use object of type WP_Term as array in E:\XAMPP\htdocs\wordpress\wp-content\themes\twentytwenty\singular.php:58
Stack trace:
#0 E:\XAMPP\htdocs\wordpress\wp-includes\template-loader.php(106): include()
#1 E:\XAMPP\htdocs\wordpress\wp-blog-header.php(19): require_once('E:\\XAMPP\\htdocs...')
#2 E:\XAMPP\htdocs\wordpress\index.php(17): require('E:\\XAMPP\\htdocs...')
#3 {main}
  thrown in E:\XAMPP\htdocs\wordpress\wp-content\themes\twentytwenty\singular.php on line 58

2020-05-22T03:52:08+00:00 CRITICAL Uncaught Error: Call to undefined function _get() in E:\XAMPP\htdocs\wordpress\wp-content\themes\twentytwenty\singular.php:58
Stack trace:
#0 E:\XAMPP\htdocs\wordpress\wp-includes\template-loader.php(106): include()
#1 E:\XAMPP\htdocs\wordpress\wp-blog-header.php(19): require_once('E:\\XAMPP\\htdocs...')
#2 E:\XAMPP\htdocs\wordpress\index.php(17): require('E:\\XAMPP\\htdocs...')
#3 {main}
  thrown in E:\XAMPP\htdocs\wordpress\wp-content\themes\twentytwenty\singular.php on line 58

2020-05-22T03:57:40+00:00 CRITICAL Invalid body indentation level (expecting an indentation level of at least 12) in E:\XAMPP\htdocs\wordpress\wp-content\themes\twentytwenty\singular.php on line 66

2020-05-22T03:59:58+00:00 CRITICAL Uncaught Error: Cannot use object of type WP_Term as array in E:\XAMPP\htdocs\wordpress\wp-content\themes\twentytwenty\singular.php:65
Stack trace:
#0 E:\XAMPP\htdocs\wordpress\wp-includes\template-loader.php(106): include()
#1 E:\XAMPP\htdocs\wordpress\wp-blog-header.php(19): require_once('E:\\XAMPP\\htdocs...')
#2 E:\XAMPP\htdocs\wordpress\index.php(17): require('E:\\XAMPP\\htdocs...')
#3 {main}
  thrown in E:\XAMPP\htdocs\wordpress\wp-content\themes\twentytwenty\singular.php on line 65

2020-05-22T04:16:43+00:00 CRITICAL Uncaught Error: Object of class WP_Term could not be converted to string in E:\XAMPP\htdocs\wordpress\wp-content\themes\twentytwenty\singular.php:38
Stack trace:
#0 E:\XAMPP\htdocs\wordpress\wp-includes\template-loader.php(106): include()
#1 E:\XAMPP\htdocs\wordpress\wp-blog-header.php(19): require_once('E:\\XAMPP\\htdocs...')
#2 E:\XAMPP\htdocs\wordpress\index.php(17): require('E:\\XAMPP\\htdocs...')
#3 {main}
  thrown in E:\XAMPP\htdocs\wordpress\wp-content\themes\twentytwenty\singular.php on line 38

2020-05-22T04:30:26+00:00 CRITICAL syntax error, unexpected '}' in E:\XAMPP\htdocs\wordpress\wp-content\themes\twentytwenty\singular.php on line 101

2020-05-22T04:42:59+00:00 CRITICAL Uncaught Error: Object of class WP_Query could not be converted to string in E:\XAMPP\htdocs\wordpress\wp-content\themes\twentytwenty\singular.php:93
Stack trace:
#0 E:\XAMPP\htdocs\wordpress\wp-includes\template-loader.php(106): include()
#1 E:\XAMPP\htdocs\wordpress\wp-blog-header.php(19): require_once('E:\\XAMPP\\htdocs...')
#2 E:\XAMPP\htdocs\wordpress\index.php(17): require('E:\\XAMPP\\htdocs...')
#3 {main}
  thrown in E:\XAMPP\htdocs\wordpress\wp-content\themes\twentytwenty\singular.php on line 93

2020-05-22T05:05:23+00:00 CRITICAL Uncaught Error: Call to undefined method WP_Post::get_price() in E:\XAMPP\htdocs\wordpress\wp-content\themes\twentytwenty\singular.php:101
Stack trace:
#0 E:\XAMPP\htdocs\wordpress\wp-includes\template-loader.php(106): include()
#1 E:\XAMPP\htdocs\wordpress\wp-blog-header.php(19): require_once('E:\\XAMPP\\htdocs...')
#2 E:\XAMPP\htdocs\wordpress\index.php(17): require('E:\\XAMPP\\htdocs...')
#3 {main}
  thrown in E:\XAMPP\htdocs\wordpress\wp-content\themes\twentytwenty\singular.php on line 101

2020-05-22T05:05:37+00:00 CRITICAL Uncaught Error: Call to undefined function get_price() in E:\XAMPP\htdocs\wordpress\wp-content\themes\twentytwenty\singular.php:101
Stack trace:
#0 E:\XAMPP\htdocs\wordpress\wp-includes\template-loader.php(106): include()
#1 E:\XAMPP\htdocs\wordpress\wp-blog-header.php(19): require_once('E:\\XAMPP\\htdocs...')
#2 E:\XAMPP\htdocs\wordpress\index.php(17): require('E:\\XAMPP\\htdocs...')
#3 {main}
  thrown in E:\XAMPP\htdocs\wordpress\wp-content\themes\twentytwenty\singular.php on line 101

2020-05-22T05:05:51+00:00 CRITICAL Uncaught Error: Object of class WP_Post could not be converted to string in E:\XAMPP\htdocs\wordpress\wp-content\themes\twentytwenty\singular.php:101
Stack trace:
#0 E:\XAMPP\htdocs\wordpress\wp-includes\template-loader.php(106): include()
#1 E:\XAMPP\htdocs\wordpress\wp-blog-header.php(19): require_once('E:\\XAMPP\\htdocs...')
#2 E:\XAMPP\htdocs\wordpress\index.php(17): require('E:\\XAMPP\\htdocs...')
#3 {main}
  thrown in E:\XAMPP\htdocs\wordpress\wp-content\themes\twentytwenty\singular.php on line 101

2020-05-22T05:06:11+00:00 CRITICAL Uncaught Error: Call to undefined method WP_Post::get_price() in E:\XAMPP\htdocs\wordpress\wp-content\themes\twentytwenty\singular.php:101
Stack trace:
#0 E:\XAMPP\htdocs\wordpress\wp-includes\template-loader.php(106): include()
#1 E:\XAMPP\htdocs\wordpress\wp-blog-header.php(19): require_once('E:\\XAMPP\\htdocs...')
#2 E:\XAMPP\htdocs\wordpress\index.php(17): require('E:\\XAMPP\\htdocs...')
#3 {main}
  thrown in E:\XAMPP\htdocs\wordpress\wp-content\themes\twentytwenty\singular.php on line 101

2020-05-22T05:06:19+00:00 CRITICAL Uncaught Error: Object of class WP_Post could not be converted to string in E:\XAMPP\htdocs\wordpress\wp-content\themes\twentytwenty\singular.php:101
Stack trace:
#0 E:\XAMPP\htdocs\wordpress\wp-includes\template-loader.php(106): include()
#1 E:\XAMPP\htdocs\wordpress\wp-blog-header.php(19): require_once('E:\\XAMPP\\htdocs...')
#2 E:\XAMPP\htdocs\wordpress\index.php(17): require('E:\\XAMPP\\htdocs...')
#3 {main}
  thrown in E:\XAMPP\htdocs\wordpress\wp-content\themes\twentytwenty\singular.php on line 101

