2020-06-11T23:06:23+00:00 CRITICAL Uncaught Error: Object of class WP_User could not be converted to string in E:\XAMPP\htdocs\wordpress\wp-content\themes\twentytwenty\page-checkout.php:39
Stack trace:
#0 E:\XAMPP\htdocs\wordpress\wp-includes\template-loader.php(106): include()
#1 E:\XAMPP\htdocs\wordpress\wp-blog-header.php(19): require_once('E:\\XAMPP\\htdocs...')
#2 E:\XAMPP\htdocs\wordpress\index.php(17): require('E:\\XAMPP\\htdocs...')
#3 {main}
  thrown in E:\XAMPP\htdocs\wordpress\wp-content\themes\twentytwenty\page-checkout.php on line 39

2020-06-11T23:06:40+00:00 CRITICAL Uncaught Error: Object of class WP_User could not be converted to string in E:\XAMPP\htdocs\wordpress\wp-content\themes\twentytwenty\page-checkout.php:41
Stack trace:
#0 E:\XAMPP\htdocs\wordpress\wp-includes\template-loader.php(106): include()
#1 E:\XAMPP\htdocs\wordpress\wp-blog-header.php(19): require_once('E:\\XAMPP\\htdocs...')
#2 E:\XAMPP\htdocs\wordpress\index.php(17): require('E:\\XAMPP\\htdocs...')
#3 {main}
  thrown in E:\XAMPP\htdocs\wordpress\wp-content\themes\twentytwenty\page-checkout.php on line 41

2020-06-11T23:56:46+00:00 CRITICAL Uncaught Error: Object of class stdClass could not be converted to string in E:\XAMPP\htdocs\wordpress\wp-content\themes\twentytwenty\page-checkout.php:69
Stack trace:
#0 E:\XAMPP\htdocs\wordpress\wp-includes\template-loader.php(106): include()
#1 E:\XAMPP\htdocs\wordpress\wp-blog-header.php(19): require_once('E:\\XAMPP\\htdocs...')
#2 E:\XAMPP\htdocs\wordpress\index.php(17): require('E:\\XAMPP\\htdocs...')
#3 {main}
  thrown in E:\XAMPP\htdocs\wordpress\wp-content\themes\twentytwenty\page-checkout.php on line 69

